(0.001) 
            SELECT name, type FROM sqlite_master
            WHERE type in ('table', 'view') AND NOT name='sqlite_sequence'
            ORDER BY name; args=None
(0.000) SELECT "django_migrations"."app", "django_migrations"."name" FROM "django_migrations"; args=()
"GET / HTTP/1.1" 200 3080
"GET /static/css/style.css HTTP/1.1" 200 749
"GET /static/js/nav.js HTTP/1.1" 200 171
"GET /static/js/scroll.js HTTP/1.1" 200 38
"GET /static/img/img1.jpg HTTP/1.1" 200 311503
"GET / HTTP/1.1" 200 3080
"GET /static/js/scroll.js HTTP/1.1" 304 0
"GET /static/css/style.css HTTP/1.1" 304 0
"GET /static/js/nav.js HTTP/1.1" 304 0
"GET /static/img/img1.jpg HTTP/1.1" 304 0
"GET / HTTP/1.1" 200 3080
"GET / HTTP/1.1" 200 3079
"GET /static/js/nav.js HTTP/1.1" 304 0
"GET /static/css/style.css HTTP/1.1" 304 0
"GET /static/js/scroll.js HTTP/1.1" 304 0
"GET /static/img/img1.jpg HTTP/1.1" 304 0
"GET / HTTP/1.1" 200 3079
"GET / HTTP/1.1" 200 3079
"GET / HTTP/1.1" 200 3079
"GET / HTTP/1.1" 200 3079
"GET / HTTP/1.1" 200 3079
"GET /static/css/style.css HTTP/1.1" 304 0
"GET / HTTP/1.1" 200 3092
"GET /static/js/nav.js HTTP/1.1" 304 0
"GET /static/js/scroll.js HTTP/1.1" 304 0
"GET /static/img/img1.jpg HTTP/1.1" 304 0
(0.000) SELECT "blog_post"."id", "blog_post"."author_id", "blog_post"."title", "blog_post"."text", "blog_post"."created_date", "blog_post"."published_date" FROM "blog_post" ORDER BY "blog_post"."published_date" DESC LIMIT 21; args=()
Exception while resolving variable 'static' in template 'blog/basis.html'.
Traceback (most recent call last):
  File "C:\Users\Cyber\AppData\Local\Programs\Python\Python36-32\lib\site-packages\django\template\base.py", line 885, in _resolve_lookup
    current = current[bit]
  File "C:\Users\Cyber\AppData\Local\Programs\Python\Python36-32\lib\site-packages\django\template\context.py", line 75, in __getitem__
    raise KeyError(key)
KeyError: 'static'

During handling of the above exception, another exception occurred:

Traceback (most recent call last):
  File "C:\Users\Cyber\AppData\Local\Programs\Python\Python36-32\lib\site-packages\django\template\base.py", line 891, in _resolve_lookup
    if isinstance(current, BaseContext) and getattr(type(current), bit):
AttributeError: type object 'RequestContext' has no attribute 'static'

During handling of the above exception, another exception occurred:

Traceback (most recent call last):
  File "C:\Users\Cyber\AppData\Local\Programs\Python\Python36-32\lib\site-packages\django\template\base.py", line 900, in _resolve_lookup
    current = current[int(bit)]
ValueError: invalid literal for int() with base 10: 'static'

During handling of the above exception, another exception occurred:

Traceback (most recent call last):
  File "C:\Users\Cyber\AppData\Local\Programs\Python\Python36-32\lib\site-packages\django\template\base.py", line 907, in _resolve_lookup
    (bit, current))  # missing attribute
django.template.base.VariableDoesNotExist: Failed lookup for key [static] in "[{'True': True, 'False': False, 'None': None}, {'csrf_token': <SimpleLazyObject: <function csrf.<locals>._get_val at 0x0277A300>>, 'request': <WSGIRequest: GET '/'>, 'user': <SimpleLazyObject: <function AuthenticationMiddleware.process_request.<locals>.<lambda> at 0x02A2A858>>, 'perms': <django.contrib.auth.context_processors.PermWrapper object at 0x02A26FB0>, 'messages': <django.contrib.messages.storage.fallback.FallbackStorage object at 0x02A4C790>, 'DEFAULT_MESSAGE_LEVELS': {'DEBUG': 10, 'INFO': 20, 'SUCCESS': 25, 'WARNING': 30, 'ERROR': 40}}, {}, {'posts': <QuerySet [<Post: 글이써지는지..>, <Post: test2!!>, <Post: test>, <Post: Explorer.py>, <Post: Sample>, <Post: 테스트중이에요>]>}]"
"GET / HTTP/1.1" 200 3084
(0.001) 
            SELECT name, type FROM sqlite_master
            WHERE type in ('table', 'view') AND NOT name='sqlite_sequence'
            ORDER BY name; args=None
(0.000) SELECT "django_migrations"."app", "django_migrations"."name" FROM "django_migrations"; args=()
"GET / HTTP/1.1" 200 3084
"GET / HTTP/1.1" 200 3084
"GET / HTTP/1.1" 200 3084
"GET /static/css/style.css HTTP/1.1" 304 0
"GET / HTTP/1.1" 200 3084
"GET / HTTP/1.1" 200 3084
"GET / HTTP/1.1" 200 3084
"GET / HTTP/1.1" 200 3084
"GET / HTTP/1.1" 200 3084
"GET / HTTP/1.1" 200 3125
"GET /static/css/style.css HTTP/1.1" 200 749
"GET /static/js/scroll.js HTTP/1.1" 304 0
"GET /static/js/nav.js HTTP/1.1" 304 0
"GET /static/img/img1.jpg HTTP/1.1" 304 0
(0.001) SELECT "blog_post"."id", "blog_post"."author_id", "blog_post"."title", "blog_post"."text", "blog_post"."created_date", "blog_post"."published_date" FROM "blog_post" ORDER BY "blog_post"."published_date" DESC LIMIT 21; args=()
"GET / HTTP/1.1" 200 3313
"GET /static/css/style.css HTTP/1.1" 304 0
Internal Server Error: /
Traceback (most recent call last):
  File "C:\Users\Cyber\AppData\Local\Programs\Python\Python36-32\lib\site-packages\django\core\handlers\exception.py", line 39, in inner
    response = get_response(request)
  File "C:\Users\Cyber\AppData\Local\Programs\Python\Python36-32\lib\site-packages\django\core\handlers\base.py", line 187, in _get_response
    response = self.process_exception_by_middleware(e, request)
  File "C:\Users\Cyber\AppData\Local\Programs\Python\Python36-32\lib\site-packages\django\core\handlers\base.py", line 185, in _get_response
    response = wrapped_callback(request, *callback_args, **callback_kwargs)
  File "C:\Users\Cyber\AppData\Local\Programs\Python\Python36-32\Scripts\games\blog\views.py", line 11, in post_list
    return render(request, 'blog/basis.html', {'posts':posts})
  File "C:\Users\Cyber\AppData\Local\Programs\Python\Python36-32\lib\site-packages\django\shortcuts.py", line 30, in render
    content = loader.render_to_string(template_name, context, request, using=using)
  File "C:\Users\Cyber\AppData\Local\Programs\Python\Python36-32\lib\site-packages\django\template\loader.py", line 67, in render_to_string
    template = get_template(template_name, using=using)
  File "C:\Users\Cyber\AppData\Local\Programs\Python\Python36-32\lib\site-packages\django\template\loader.py", line 21, in get_template
    return engine.get_template(template_name)
  File "C:\Users\Cyber\AppData\Local\Programs\Python\Python36-32\lib\site-packages\django\template\backends\django.py", line 39, in get_template
    return Template(self.engine.get_template(template_name), self)
  File "C:\Users\Cyber\AppData\Local\Programs\Python\Python36-32\lib\site-packages\django\template\engine.py", line 160, in get_template
    template, origin = self.find_template(template_name)
  File "C:\Users\Cyber\AppData\Local\Programs\Python\Python36-32\lib\site-packages\django\template\engine.py", line 134, in find_template
    name, template_dirs=dirs, skip=skip,
  File "C:\Users\Cyber\AppData\Local\Programs\Python\Python36-32\lib\site-packages\django\template\loaders\base.py", line 44, in get_template
    contents, origin, origin.template_name, self.engine,
  File "C:\Users\Cyber\AppData\Local\Programs\Python\Python36-32\lib\site-packages\django\template\base.py", line 191, in __init__
    self.nodelist = self.compile_nodelist()
  File "C:\Users\Cyber\AppData\Local\Programs\Python\Python36-32\lib\site-packages\django\template\base.py", line 233, in compile_nodelist
    return parser.parse()
  File "C:\Users\Cyber\AppData\Local\Programs\Python\Python36-32\lib\site-packages\django\template\base.py", line 489, in parse
    raise self.error(token, e)
  File "C:\Users\Cyber\AppData\Local\Programs\Python\Python36-32\lib\site-packages\django\template\base.py", line 487, in parse
    filter_expression = self.compile_filter(token.contents)
  File "C:\Users\Cyber\AppData\Local\Programs\Python\Python36-32\lib\site-packages\django\template\base.py", line 603, in compile_filter
    return FilterExpression(token, self)
  File "C:\Users\Cyber\AppData\Local\Programs\Python\Python36-32\lib\site-packages\django\template\base.py", line 703, in __init__
    "from '%s'" % (token[upto:], token))
django.template.exceptions.TemplateSyntaxError: Could not parse the remainder: '[0]' from 'posts[0]'
(0.001) SELECT "blog_post"."id", "blog_post"."author_id", "blog_post"."title", "blog_post"."text", "blog_post"."created_date", "blog_post"."published_date" FROM "blog_post" ORDER BY "blog_post"."published_date" DESC LIMIT 21; args=()
(0.001) SELECT "blog_post"."id", "blog_post"."author_id", "blog_post"."title", "blog_post"."text", "blog_post"."created_date", "blog_post"."published_date" FROM "blog_post" ORDER BY "blog_post"."published_date" DESC LIMIT 21; args=()
(0.000) SELECT "blog_post"."id", "blog_post"."author_id", "blog_post"."title", "blog_post"."text", "blog_post"."created_date", "blog_post"."published_date" FROM "blog_post" ORDER BY "blog_post"."published_date" DESC LIMIT 21; args=()
(0.000) SELECT "blog_post"."id", "blog_post"."author_id", "blog_post"."title", "blog_post"."text", "blog_post"."created_date", "blog_post"."published_date" FROM "blog_post" ORDER BY "blog_post"."published_date" DESC LIMIT 21; args=()
(0.000) SELECT "blog_post"."id", "blog_post"."author_id", "blog_post"."title", "blog_post"."text", "blog_post"."created_date", "blog_post"."published_date" FROM "blog_post" ORDER BY "blog_post"."published_date" DESC LIMIT 21; args=()
"GET / HTTP/1.1" 500 135849
(0.001) SELECT "blog_post"."id", "blog_post"."author_id", "blog_post"."title", "blog_post"."text", "blog_post"."created_date", "blog_post"."published_date" FROM "blog_post" ORDER BY "blog_post"."published_date" DESC LIMIT 21; args=()
"GET / HTTP/1.1" 200 3313
"GET /static/css/style.css HTTP/1.1" 304 0
(0.001) SELECT "blog_post"."id", "blog_post"."author_id", "blog_post"."title", "blog_post"."text", "blog_post"."created_date", "blog_post"."published_date" FROM "blog_post" ORDER BY "blog_post"."published_date" DESC LIMIT 21; args=()
(0.000) SELECT "blog_post"."id", "blog_post"."author_id", "blog_post"."title", "blog_post"."text", "blog_post"."created_date", "blog_post"."published_date" FROM "blog_post" ORDER BY "blog_post"."published_date" DESC LIMIT 21; args=()
"GET / HTTP/1.1" 200 3501
"GET /static/css/style.css HTTP/1.1" 304 0
(0.002) SELECT "blog_post"."id", "blog_post"."author_id", "blog_post"."title", "blog_post"."text", "blog_post"."created_date", "blog_post"."published_date" FROM "blog_post" ORDER BY "blog_post"."published_date" DESC LIMIT 21; args=()
(0.001) SELECT "blog_post"."id", "blog_post"."author_id", "blog_post"."title", "blog_post"."text", "blog_post"."created_date", "blog_post"."published_date" FROM "blog_post" ORDER BY "blog_post"."published_date" DESC LIMIT 21; args=()
"GET / HTTP/1.1" 200 3501
"GET /static/css/style.css HTTP/1.1" 304 0
(0.001) SELECT "blog_post"."id", "blog_post"."author_id", "blog_post"."title", "blog_post"."text", "blog_post"."created_date", "blog_post"."published_date" FROM "blog_post" ORDER BY "blog_post"."published_date" DESC LIMIT 21; args=()
(0.000) SELECT "blog_post"."id", "blog_post"."author_id", "blog_post"."title", "blog_post"."text", "blog_post"."created_date", "blog_post"."published_date" FROM "blog_post" ORDER BY "blog_post"."published_date" DESC LIMIT 21; args=()
"GET / HTTP/1.1" 200 3501
"GET / HTTP/1.1" 200 3125
"GET / HTTP/1.1" 200 3125
"GET /static/css/style.css HTTP/1.1" 304 0
Internal Server Error: /
Traceback (most recent call last):
  File "C:\Users\Cyber\AppData\Local\Programs\Python\Python36-32\lib\site-packages\django\template\defaulttags.py", line 1021, in find_library
    return parser.libraries[name]
KeyError: '<!--'

During handling of the above exception, another exception occurred:

Traceback (most recent call last):
  File "C:\Users\Cyber\AppData\Local\Programs\Python\Python36-32\lib\site-packages\django\core\handlers\exception.py", line 39, in inner
    response = get_response(request)
  File "C:\Users\Cyber\AppData\Local\Programs\Python\Python36-32\lib\site-packages\django\core\handlers\base.py", line 187, in _get_response
    response = self.process_exception_by_middleware(e, request)
  File "C:\Users\Cyber\AppData\Local\Programs\Python\Python36-32\lib\site-packages\django\core\handlers\base.py", line 185, in _get_response
    response = wrapped_callback(request, *callback_args, **callback_kwargs)
  File "C:\Users\Cyber\AppData\Local\Programs\Python\Python36-32\Scripts\games\blog\views.py", line 11, in post_list
    return render(request, 'blog/basis.html', {'posts':posts})
  File "C:\Users\Cyber\AppData\Local\Programs\Python\Python36-32\lib\site-packages\django\shortcuts.py", line 30, in render
    content = loader.render_to_string(template_name, context, request, using=using)
  File "C:\Users\Cyber\AppData\Local\Programs\Python\Python36-32\lib\site-packages\django\template\loader.py", line 67, in render_to_string
    template = get_template(template_name, using=using)
  File "C:\Users\Cyber\AppData\Local\Programs\Python\Python36-32\lib\site-packages\django\template\loader.py", line 21, in get_template
    return engine.get_template(template_name)
  File "C:\Users\Cyber\AppData\Local\Programs\Python\Python36-32\lib\site-packages\django\template\backends\django.py", line 39, in get_template
    return Template(self.engine.get_template(template_name), self)
  File "C:\Users\Cyber\AppData\Local\Programs\Python\Python36-32\lib\site-packages\django\template\engine.py", line 160, in get_template
    template, origin = self.find_template(template_name)
  File "C:\Users\Cyber\AppData\Local\Programs\Python\Python36-32\lib\site-packages\django\template\engine.py", line 134, in find_template
    name, template_dirs=dirs, skip=skip,
  File "C:\Users\Cyber\AppData\Local\Programs\Python\Python36-32\lib\site-packages\django\template\loaders\base.py", line 44, in get_template
    contents, origin, origin.template_name, self.engine,
  File "C:\Users\Cyber\AppData\Local\Programs\Python\Python36-32\lib\site-packages\django\template\base.py", line 191, in __init__
    self.nodelist = self.compile_nodelist()
  File "C:\Users\Cyber\AppData\Local\Programs\Python\Python36-32\lib\site-packages\django\template\base.py", line 233, in compile_nodelist
    return parser.parse()
  File "C:\Users\Cyber\AppData\Local\Programs\Python\Python36-32\lib\site-packages\django\template\base.py", line 518, in parse
    raise self.error(token, e)
  File "C:\Users\Cyber\AppData\Local\Programs\Python\Python36-32\lib\site-packages\django\template\base.py", line 516, in parse
    compiled_result = compile_func(self, token)
  File "C:\Users\Cyber\AppData\Local\Programs\Python\Python36-32\lib\site-packages\django\template\defaulttags.py", line 1078, in load
    lib = find_library(parser, name)
  File "C:\Users\Cyber\AppData\Local\Programs\Python\Python36-32\lib\site-packages\django\template\defaulttags.py", line 1025, in find_library
    name, "\n".join(sorted(parser.libraries.keys())),
django.template.exceptions.TemplateSyntaxError: '<!--' is not a registered tag library. Must be one of:
admin_list
admin_modify
admin_static
admin_urls
cache
i18n
l10n
log
static
staticfiles
tz
(0.001) SELECT "blog_post"."id", "blog_post"."author_id", "blog_post"."title", "blog_post"."text", "blog_post"."created_date", "blog_post"."published_date" FROM "blog_post" ORDER BY "blog_post"."published_date" DESC LIMIT 21; args=()
(0.000) SELECT "blog_post"."id", "blog_post"."author_id", "blog_post"."title", "blog_post"."text", "blog_post"."created_date", "blog_post"."published_date" FROM "blog_post" ORDER BY "blog_post"."published_date" DESC LIMIT 21; args=()
(0.000) SELECT "blog_post"."id", "blog_post"."author_id", "blog_post"."title", "blog_post"."text", "blog_post"."created_date", "blog_post"."published_date" FROM "blog_post" ORDER BY "blog_post"."published_date" DESC LIMIT 21; args=()
(0.000) SELECT "blog_post"."id", "blog_post"."author_id", "blog_post"."title", "blog_post"."text", "blog_post"."created_date", "blog_post"."published_date" FROM "blog_post" ORDER BY "blog_post"."published_date" DESC LIMIT 21; args=()
(0.001) SELECT "blog_post"."id", "blog_post"."author_id", "blog_post"."title", "blog_post"."text", "blog_post"."created_date", "blog_post"."published_date" FROM "blog_post" ORDER BY "blog_post"."published_date" DESC LIMIT 21; args=()
"GET / HTTP/1.1" 500 136694
"GET / HTTP/1.1" 200 3125
(0.000) 
            SELECT name, type FROM sqlite_master
            WHERE type in ('table', 'view') AND NOT name='sqlite_sequence'
            ORDER BY name; args=None
(0.000) SELECT "django_migrations"."app", "django_migrations"."name" FROM "django_migrations"; args=()
"GET / HTTP/1.1" 200 3206
"GET /static/css/style.css HTTP/1.1" 304 0
"GET /static/js/nav.js HTTP/1.1" 304 0
"GET /static/js/scroll.js HTTP/1.1" 304 0
(0.001) SELECT "blog_post"."id", "blog_post"."author_id", "blog_post"."title", "blog_post"."text", "blog_post"."created_date", "blog_post"."published_date" FROM "blog_post" ORDER BY "blog_post"."published_date" DESC; args=()
"GET / HTTP/1.1" 200 3954
"GET /static/css/style.css HTTP/1.1" 304 0
(0.002) SELECT "blog_post"."id", "blog_post"."author_id", "blog_post"."title", "blog_post"."text", "blog_post"."created_date", "blog_post"."published_date" FROM "blog_post" ORDER BY "blog_post"."published_date" DESC; args=()
"GET / HTTP/1.1" 200 3954
(0.001) SELECT "blog_post"."id", "blog_post"."author_id", "blog_post"."title", "blog_post"."text", "blog_post"."created_date", "blog_post"."published_date" FROM "blog_post" ORDER BY "blog_post"."published_date" DESC; args=()
"GET / HTTP/1.1" 200 3954
(0.001) SELECT "blog_post"."id", "blog_post"."author_id", "blog_post"."title", "blog_post"."text", "blog_post"."created_date", "blog_post"."published_date" FROM "blog_post" ORDER BY "blog_post"."published_date" DESC; args=()
"GET / HTTP/1.1" 200 3954
(0.001) SELECT "blog_post"."id", "blog_post"."author_id", "blog_post"."title", "blog_post"."text", "blog_post"."created_date", "blog_post"."published_date" FROM "blog_post" ORDER BY "blog_post"."published_date" DESC; args=()
"GET / HTTP/1.1" 200 3954
(0.002) SELECT "blog_post"."id", "blog_post"."author_id", "blog_post"."title", "blog_post"."text", "blog_post"."created_date", "blog_post"."published_date" FROM "blog_post" ORDER BY "blog_post"."published_date" DESC; args=()
"GET / HTTP/1.1" 200 3954
"GET /static/js/scroll.js HTTP/1.1" 200 38
"GET /static/js/nav.js HTTP/1.1" 200 171
"GET /static/css/style.css HTTP/1.1" 200 796
"GET /static/img/img1.jpg HTTP/1.1" 200 311503
(0.001) SELECT "blog_post"."id", "blog_post"."author_id", "blog_post"."title", "blog_post"."text", "blog_post"."created_date", "blog_post"."published_date" FROM "blog_post" ORDER BY "blog_post"."published_date" DESC; args=()
"GET / HTTP/1.1" 200 4182
"GET /static/css/style.css HTTP/1.1" 304 0
(0.002) SELECT "blog_post"."id", "blog_post"."author_id", "blog_post"."title", "blog_post"."text", "blog_post"."created_date", "blog_post"."published_date" FROM "blog_post" ORDER BY "blog_post"."published_date" DESC; args=()
"GET / HTTP/1.1" 200 4139
(0.001) SELECT "blog_post"."id", "blog_post"."author_id", "blog_post"."title", "blog_post"."text", "blog_post"."created_date", "blog_post"."published_date" FROM "blog_post" ORDER BY "blog_post"."published_date" DESC; args=()
"GET / HTTP/1.1" 200 4139
"GET /static/css/style.css HTTP/1.1" 200 811
(0.001) SELECT "blog_post"."id", "blog_post"."author_id", "blog_post"."title", "blog_post"."text", "blog_post"."created_date", "blog_post"."published_date" FROM "blog_post" ORDER BY "blog_post"."published_date" DESC; args=()
"GET / HTTP/1.1" 200 4139
"GET /static/css/style.css HTTP/1.1" 200 834
(0.001) SELECT "blog_post"."id", "blog_post"."author_id", "blog_post"."title", "blog_post"."text", "blog_post"."created_date", "blog_post"."published_date" FROM "blog_post" ORDER BY "blog_post"."published_date" DESC; args=()
"GET / HTTP/1.1" 200 4139
"GET /static/css/style.css HTTP/1.1" 200 851
(0.000) SELECT "blog_post"."id", "blog_post"."author_id", "blog_post"."title", "blog_post"."text", "blog_post"."created_date", "blog_post"."published_date" FROM "blog_post" ORDER BY "blog_post"."published_date" DESC; args=()
"GET / HTTP/1.1" 200 4139
"GET /static/css/style.css HTTP/1.1" 200 850
(0.001) SELECT "blog_post"."id", "blog_post"."author_id", "blog_post"."title", "blog_post"."text", "blog_post"."created_date", "blog_post"."published_date" FROM "blog_post" ORDER BY "blog_post"."published_date" DESC; args=()
"GET / HTTP/1.1" 200 4139
"GET /static/css/style.css HTTP/1.1" 200 851
(0.000) SELECT "blog_post"."id", "blog_post"."author_id", "blog_post"."title", "blog_post"."text", "blog_post"."created_date", "blog_post"."published_date" FROM "blog_post" ORDER BY "blog_post"."published_date" DESC; args=()
"GET / HTTP/1.1" 200 4139
"GET /static/css/style.css HTTP/1.1" 200 852
"GET /static/css/style.css HTTP/1.1" 304 0
(0.001) SELECT "blog_post"."id", "blog_post"."author_id", "blog_post"."title", "blog_post"."text", "blog_post"."created_date", "blog_post"."published_date" FROM "blog_post" ORDER BY "blog_post"."published_date" DESC; args=()
"GET / HTTP/1.1" 200 4139
"GET /static/css/style.css HTTP/1.1" 200 851
(0.001) SELECT "blog_post"."id", "blog_post"."author_id", "blog_post"."title", "blog_post"."text", "blog_post"."created_date", "blog_post"."published_date" FROM "blog_post" ORDER BY "blog_post"."published_date" DESC; args=()
"GET / HTTP/1.1" 200 4139
"GET /static/css/style.css HTTP/1.1" 200 855
(0.001) SELECT "blog_post"."id", "blog_post"."author_id", "blog_post"."title", "blog_post"."text", "blog_post"."created_date", "blog_post"."published_date" FROM "blog_post" ORDER BY "blog_post"."published_date" DESC; args=()
"GET / HTTP/1.1" 200 4139
"GET /static/css/style.css HTTP/1.1" 200 834
"GET /static/css/style.css HTTP/1.1" 304 0
(0.001) SELECT "blog_post"."id", "blog_post"."author_id", "blog_post"."title", "blog_post"."text", "blog_post"."created_date", "blog_post"."published_date" FROM "blog_post" ORDER BY "blog_post"."published_date" DESC; args=()
"GET / HTTP/1.1" 200 4139
"GET /static/css/style.css HTTP/1.1" 200 834
"GET /static/css/style.css HTTP/1.1" 304 0
(0.001) SELECT "blog_post"."id", "blog_post"."author_id", "blog_post"."title", "blog_post"."text", "blog_post"."created_date", "blog_post"."published_date" FROM "blog_post" ORDER BY "blog_post"."published_date" DESC; args=()
"GET / HTTP/1.1" 200 4139
"GET /static/css/style.css HTTP/1.1" 200 834
